<?xml version="1.0" encoding="UTF-8"?>
<!-- Generated by org.testng.reporters.JUnitXMLReporter -->
<testsuite hostname="DESKTOP-3MLN4MN" ignored="0" name="Test1" tests="6" failures="1" timestamp="28 Dec 2021 07:25:02 GMT" time="145.091" errors="0">
  <testcase name="LoginforMiscarriage" time="29.829" classname="com.qa.tests.MBMiscarriageCompleteFlow"/>
  <testcase name="MaternityForm18MiscarriageCertificate" time="21.851" classname="com.qa.tests.MBMiscarriageCompleteFlow">
    <failure type="org.openqa.selenium.NoAlertPresentException" message="No alert is present (WARNING: The server did not provide any stacktrace information)
Command duration or timeout: 2.33 seconds
Build info: version: &amp;apos;2.53.0&amp;apos;, revision: &amp;apos;35ae25b1534ae328c771e0856c93e187490ca824&amp;apos;, time: &amp;apos;2016-03-15 10:43:46&amp;apos;
System info: host: &amp;apos;DESKTOP-3MLN4MN&amp;apos;, ip: &amp;apos;192.168.0.34&amp;apos;, os.name: &amp;apos;Windows 10&amp;apos;, os.arch: &amp;apos;amd64&amp;apos;, os.version: &amp;apos;10.0&amp;apos;, java.version: &amp;apos;1.8.0_281&amp;apos;
Driver info: org.openqa.selenium.firefox.FirefoxDriver
Capabilities [{applicationCacheEnabled=true, rotatable=false, handlesAlerts=true, databaseEnabled=true, version=40.0.3, platform=WINDOWS, nativeEvents=false, acceptSslCerts=true, webStorageEnabled=true, locationContextEnabled=true, browserName=firefox, takesScreenshot=true, javascriptEnabled=true, cssSelectorsEnabled=true}]
Session ID: 8b5a25f6-e833-4c87-8fad-50f183feeae0">
      <![CDATA[org.openqa.selenium.NoAlertPresentException: No alert is present (WARNING: The server did not provide any stacktrace information)
Command duration or timeout: 2.33 seconds
Build info: version: '2.53.0', revision: '35ae25b1534ae328c771e0856c93e187490ca824', time: '2016-03-15 10:43:46'
System info: host: 'DESKTOP-3MLN4MN', ip: '192.168.0.34', os.name: 'Windows 10', os.arch: 'amd64', os.version: '10.0', java.version: '1.8.0_281'
Driver info: org.openqa.selenium.firefox.FirefoxDriver
Capabilities [{applicationCacheEnabled=true, rotatable=false, handlesAlerts=true, databaseEnabled=true, version=40.0.3, platform=WINDOWS, nativeEvents=false, acceptSslCerts=true, webStorageEnabled=true, locationContextEnabled=true, browserName=firefox, takesScreenshot=true, javascriptEnabled=true, cssSelectorsEnabled=true}]
Session ID: 8b5a25f6-e833-4c87-8fad-50f183feeae0
at org.openqa.selenium.remote.ErrorHandler.createThrowable(ErrorHandler.java:206)
at org.openqa.selenium.remote.ErrorHandler.throwIfResponseFailed(ErrorHandler.java:158)
at org.openqa.selenium.remote.RemoteWebDriver.execute(RemoteWebDriver.java:678)
at org.openqa.selenium.remote.RemoteWebDriver.execute(RemoteWebDriver.java:701)
at org.openqa.selenium.remote.RemoteWebDriver$RemoteTargetLocator.alert(RemoteWebDriver.java:1049)
at com.qa.tests.MBMiscarriageCompleteFlow.MaternityForm18MiscarriageCertificate(MBMiscarriageCompleteFlow.java:149)
... Removed 29 stack frames]]>
    </failure>
  </testcase> <!-- MaternityForm18MiscarriageCertificate -->
  <testcase name="MBMiscarriageCreateClaim" time="10.106" classname="com.qa.tests.MBMiscarriageCompleteFlow"/>
  <testcase name="MB_Form19Miscarriage" time="54.219" classname="com.qa.tests.MBMiscarriageCompleteFlow"/>
  <testcase name="BMLoginforMiscarriage" time="10.666" classname="com.qa.tests.MBMiscarriageCompleteFlow"/>
  <testcase name="MBForm19MiscarriageClaimProcessingBMLogin" time="12.136" classname="com.qa.tests.MBMiscarriageCompleteFlow"/>
</testsuite> <!-- Test1 -->
