<?xml version="1.0" encoding="UTF-8"?>
<!-- Generated by org.testng.reporters.JUnitXMLReporter -->
<testsuite hostname="DESKTOP-3MLN4MN" ignored="0" name="Default test" tests="6" failures="0" timestamp="28 Dec 2021 07:43:25 GMT" time="244.413" errors="0">
  <testcase name="LoginForYesRegistration" time="42.825" classname="com.qa.tests.YesRegistrationPageTest"/>
  <testcase name="Register" time="22.968" classname="com.qa.tests.YesRegistrationPageTest"/>
  <testcase name="RegisterForm1" time="95.272" classname="com.qa.tests.YesRegistrationPageTest"/>
  <testcase name="DetailsOfNomnee" time="30.965" classname="com.qa.tests.YesRegistrationPageTest"/>
  <testcase name="FamilyInsuredPerson" time="39.501" classname="com.qa.tests.YesRegistrationPageTest"/>
  <testcase name="DetailsofBankAccountsofInsuredPerson" time="6.886" classname="com.qa.tests.YesRegistrationPageTest"/>
</testsuite> <!-- Default test -->
